{"C:\\Users\\Martin\\testing\\linear-gradient\\src\\convert.js":{"path":"C:\\Users\\Martin\\testing\\linear-gradient\\src\\convert.js","s":{"1":1,"2":1,"3":8,"4":8,"5":24,"6":1,"7":13,"8":39,"9":39,"10":13,"11":1,"12":4,"13":19,"14":1,"15":2,"16":13,"17":1},"b":{"1":[18,21],"2":[6,13],"3":[11,2]},"f":{},"fnMap":{},"statementMap":{"1":{"start":{"line":1,"column":0},"end":{"line":1,"column":69}},"2":{"start":{"line":9,"column":0},"end":{"line":17,"column":2}},"3":{"start":{"line":10,"column":2},"end":{"line":14,"column":4}},"4":{"start":{"line":16,"column":2},"end":{"line":16,"column":52}},"5":{"start":{"line":16,"column":31},"end":{"line":16,"column":50}},"6":{"start":{"line":25,"column":0},"end":{"line":31,"column":2}},"7":{"start":{"line":26,"column":2},"end":{"line":28,"column":62}},"8":{"start":{"line":27,"column":18},"end":{"line":27,"column":36}},"9":{"start":{"line":28,"column":19},"end":{"line":28,"column":59}},"10":{"start":{"line":30,"column":2},"end":{"line":30,"column":33}},"11":{"start":{"line":41,"column":0},"end":{"line":45,"column":2}},"12":{"start":{"line":42,"column":2},"end":{"line":44,"column":4}},"13":{"start":{"line":43,"column":14},"end":{"line":43,"column":75}},"14":{"start":{"line":55,"column":0},"end":{"line":59,"column":2}},"15":{"start":{"line":56,"column":2},"end":{"line":58,"column":4}},"16":{"start":{"line":57,"column":14},"end":{"line":57,"column":75}},"17":{"start":{"line":61,"column":0},"end":{"line":66,"column":2}}},"branchMap":{"1":{"line":28,"type":"cond-expr","locations":[{"start":{"line":28,"column":40},"end":{"line":28,"column":51}},{"start":{"line":28,"column":54},"end":{"line":28,"column":59}}]},"2":{"line":43,"type":"cond-expr","locations":[{"start":{"line":43,"column":40},"end":{"line":43,"column":67}},{"start":{"line":43,"column":70},"end":{"line":43,"column":75}}]},"3":{"line":57,"type":"cond-expr","locations":[{"start":{"line":57,"column":40},"end":{"line":57,"column":67}},{"start":{"line":57,"column":70},"end":{"line":57,"column":75}}]}}},"C:\\Users\\Martin\\testing\\linear-gradient\\src\\validate.js":{"path":"C:\\Users\\Martin\\testing\\linear-gradient\\src\\validate.js","s":{"1":1,"2":1,"3":28,"4":1,"5":20,"6":54,"7":1,"8":10,"9":1,"10":9,"11":17,"12":17,"13":17,"14":1,"15":16,"16":1,"17":15,"18":1,"19":6,"20":1,"21":5,"22":1,"23":4,"24":1,"25":3,"26":1,"27":5,"28":1,"29":4,"30":1},"b":{"1":[28,15],"2":[20,18,18],"3":[54,53,53],"4":[1,9],"5":[1,16],"6":[17,8],"7":[1,15],"8":[16,9],"9":[1,14],"10":[15,7],"11":[1,4],"12":[1,3],"13":[1,4],"14":[5,3]},"f":{},"fnMap":{},"statementMap":{"1":{"start":{"line":1,"column":0},"end":{"line":1,"column":68}},"2":{"start":{"line":9,"column":0},"end":{"line":11,"column":2}},"3":{"start":{"line":10,"column":2},"end":{"line":10,"column":72}},"4":{"start":{"line":19,"column":0},"end":{"line":26,"column":2}},"5":{"start":{"line":20,"column":2},"end":{"line":25,"column":4}},"6":{"start":{"line":23,"column":26},"end":{"line":23,"column":78}},"7":{"start":{"line":38,"column":0},"end":{"line":57,"column":2}},"8":{"start":{"line":39,"column":2},"end":{"line":39,"column":74}},"9":{"start":{"line":39,"column":30},"end":{"line":39,"column":74}},"10":{"start":{"line":40,"column":2},"end":{"line":54,"column":5}},"11":{"start":{"line":41,"column":4},"end":{"line":41,"column":47}},"12":{"start":{"line":42,"column":4},"end":{"line":42,"column":41}},"13":{"start":{"line":44,"column":4},"end":{"line":45,"column":61}},"14":{"start":{"line":45,"column":6},"end":{"line":45,"column":61}},"15":{"start":{"line":47,"column":4},"end":{"line":49,"column":5}},"16":{"start":{"line":48,"column":6},"end":{"line":48,"column":52}},"17":{"start":{"line":51,"column":4},"end":{"line":53,"column":5}},"18":{"start":{"line":52,"column":6},"end":{"line":52,"column":51}},"19":{"start":{"line":56,"column":2},"end":{"line":56,"column":14}},"20":{"start":{"line":68,"column":0},"end":{"line":78,"column":2}},"21":{"start":{"line":69,"column":2},"end":{"line":71,"column":3}},"22":{"start":{"line":70,"column":4},"end":{"line":70,"column":62}},"23":{"start":{"line":73,"column":2},"end":{"line":75,"column":3}},"24":{"start":{"line":74,"column":4},"end":{"line":74,"column":71}},"25":{"start":{"line":77,"column":2},"end":{"line":77,"column":14}},"26":{"start":{"line":88,"column":0},"end":{"line":96,"column":2}},"27":{"start":{"line":89,"column":2},"end":{"line":93,"column":3}},"28":{"start":{"line":90,"column":4},"end":{"line":92,"column":6}},"29":{"start":{"line":95,"column":2},"end":{"line":95,"column":14}},"30":{"start":{"line":98,"column":0},"end":{"line":104,"column":2}}},"branchMap":{"1":{"line":10,"type":"binary-expr","locations":[{"start":{"line":10,"column":9},"end":{"line":10,"column":34}},{"start":{"line":10,"column":38},"end":{"line":10,"column":71}}]},"2":{"line":21,"type":"binary-expr","locations":[{"start":{"line":21,"column":4},"end":{"line":21,"column":24}},{"start":{"line":22,"column":4},"end":{"line":22,"column":22}},{"start":{"line":23,"column":4},"end":{"line":24,"column":19}}]},"3":{"line":23,"type":"binary-expr","locations":[{"start":{"line":23,"column":26},"end":{"line":23,"column":50}},{"start":{"line":23,"column":54},"end":{"line":23,"column":63}},{"start":{"line":23,"column":67},"end":{"line":23,"column":78}}]},"4":{"line":39,"type":"if","locations":[{"start":{"line":39,"column":2},"end":{"line":39,"column":2}},{"start":{"line":39,"column":2},"end":{"line":39,"column":2}}]},"5":{"line":44,"type":"if","locations":[{"start":{"line":44,"column":4},"end":{"line":44,"column":4}},{"start":{"line":44,"column":4},"end":{"line":44,"column":4}}]},"6":{"line":44,"type":"binary-expr","locations":[{"start":{"line":44,"column":8},"end":{"line":44,"column":17}},{"start":{"line":44,"column":21},"end":{"line":44,"column":29}}]},"7":{"line":47,"type":"if","locations":[{"start":{"line":47,"column":4},"end":{"line":47,"column":4}},{"start":{"line":47,"column":4},"end":{"line":47,"column":4}}]},"8":{"line":47,"type":"binary-expr","locations":[{"start":{"line":47,"column":8},"end":{"line":47,"column":16}},{"start":{"line":47,"column":20},"end":{"line":47,"column":44}}]},"9":{"line":51,"type":"if","locations":[{"start":{"line":51,"column":4},"end":{"line":51,"column":4}},{"start":{"line":51,"column":4},"end":{"line":51,"column":4}}]},"10":{"line":51,"type":"binary-expr","locations":[{"start":{"line":51,"column":8},"end":{"line":51,"column":15}},{"start":{"line":51,"column":19},"end":{"line":51,"column":43}}]},"11":{"line":69,"type":"if","locations":[{"start":{"line":69,"column":2},"end":{"line":69,"column":2}},{"start":{"line":69,"column":2},"end":{"line":69,"column":2}}]},"12":{"line":73,"type":"if","locations":[{"start":{"line":73,"column":2},"end":{"line":73,"column":2}},{"start":{"line":73,"column":2},"end":{"line":73,"column":2}}]},"13":{"line":89,"type":"if","locations":[{"start":{"line":89,"column":2},"end":{"line":89,"column":2}},{"start":{"line":89,"column":2},"end":{"line":89,"column":2}}]},"14":{"line":89,"type":"binary-expr","locations":[{"start":{"line":89,"column":6},"end":{"line":89,"column":36}},{"start":{"line":89,"column":40},"end":{"line":89,"column":70}}]}}},"C:\\Users\\Martin\\testing\\linear-gradient\\src\\constants.js":{"path":"C:\\Users\\Martin\\testing\\linear-gradient\\src\\constants.js","s":{"1":1,"2":1,"3":1},"b":{},"f":{},"fnMap":{},"statementMap":{"1":{"start":{"line":1,"column":0},"end":{"line":1,"column":26}},"2":{"start":{"line":2,"column":0},"end":{"line":2,"column":26}},"3":{"start":{"line":4,"column":0},"end":{"line":7,"column":2}}},"branchMap":{}},"C:\\Users\\Martin\\testing\\linear-gradient\\src\\generate.js":{"path":"C:\\Users\\Martin\\testing\\linear-gradient\\src\\generate.js","s":{"1":1,"2":1,"3":1,"4":1,"5":1,"6":1,"7":2,"8":2,"9":2,"10":2,"11":2,"12":2,"13":4,"14":4,"15":4,"16":4,"17":4,"18":4,"19":4,"20":2,"21":2,"22":1,"23":1,"24":1,"25":1,"26":2,"27":1},"b":{"1":[2,0],"2":[2,2,2],"3":[2,2],"4":[1,1]},"f":{},"fnMap":{},"statementMap":{"1":{"start":{"line":1,"column":0},"end":{"line":5,"column":26}},"2":{"start":{"line":7,"column":0},"end":{"line":10,"column":25}},"3":{"start":{"line":12,"column":0},"end":{"line":12,"column":67}},"4":{"start":{"line":13,"column":0},"end":{"line":13,"column":45}},"5":{"start":{"line":15,"column":0},"end":{"line":15,"column":68}},"6":{"start":{"line":33,"column":0},"end":{"line":70,"column":2}},"7":{"start":{"line":34,"column":2},"end":{"line":34,"column":20}},"8":{"start":{"line":36,"column":2},"end":{"line":58,"column":3}},"9":{"start":{"line":41,"column":4},"end":{"line":41,"column":54}},"10":{"start":{"line":42,"column":4},"end":{"line":42,"column":53}},"11":{"start":{"line":43,"column":4},"end":{"line":46,"column":6}},"12":{"start":{"line":48,"column":4},"end":{"line":57,"column":7}},"13":{"start":{"line":49,"column":6},"end":{"line":49,"column":41}},"14":{"start":{"line":50,"column":6},"end":{"line":50,"column":34}},"15":{"start":{"line":51,"column":6},"end":{"line":51,"column":32}},"16":{"start":{"line":52,"column":6},"end":{"line":52,"column":74}},"17":{"start":{"line":54,"column":6},"end":{"line":54,"column":32}},"18":{"start":{"line":55,"column":6},"end":{"line":55,"column":48}},"19":{"start":{"line":56,"column":6},"end":{"line":56,"column":68}},"20":{"start":{"line":56,"column":44},"end":{"line":56,"column":68}},"21":{"start":{"line":60,"column":2},"end":{"line":67,"column":3}},"22":{"start":{"line":62,"column":6},"end":{"line":62,"column":51}},"23":{"start":{"line":63,"column":6},"end":{"line":63,"column":12}},"24":{"start":{"line":65,"column":6},"end":{"line":65,"column":51}},"25":{"start":{"line":66,"column":6},"end":{"line":66,"column":12}},"26":{"start":{"line":69,"column":2},"end":{"line":69,"column":18}},"27":{"start":{"line":72,"column":0},"end":{"line":72,"column":26}}},"branchMap":{"1":{"line":36,"type":"if","locations":[{"start":{"line":36,"column":2},"end":{"line":36,"column":2}},{"start":{"line":36,"column":2},"end":{"line":36,"column":2}}]},"2":{"line":37,"type":"binary-expr","locations":[{"start":{"line":37,"column":4},"end":{"line":37,"column":31}},{"start":{"line":38,"column":4},"end":{"line":38,"column":43}},{"start":{"line":39,"column":4},"end":{"line":39,"column":33}}]},"3":{"line":56,"type":"if","locations":[{"start":{"line":56,"column":6},"end":{"line":56,"column":6}},{"start":{"line":56,"column":6},"end":{"line":56,"column":6}}]},"4":{"line":60,"type":"switch","locations":[{"start":{"line":61,"column":4},"end":{"line":63,"column":12}},{"start":{"line":64,"column":4},"end":{"line":66,"column":12}}]}}},"C:\\Users\\Martin\\testing\\linear-gradient\\src\\helpers.js":{"path":"C:\\Users\\Martin\\testing\\linear-gradient\\src\\helpers.js","s":{"1":1,"2":3,"3":3,"4":9,"5":9,"6":6,"7":3,"8":1,"9":3,"10":3,"11":3,"12":7,"13":3,"14":24,"15":24,"16":24,"17":3,"18":1,"19":7,"20":7,"21":7,"22":7,"23":33,"24":7,"25":1,"26":79,"27":1},"b":{"1":[6,3],"2":[9,15]},"f":{},"fnMap":{},"statementMap":{"1":{"start":{"line":14,"column":0},"end":{"line":26,"column":2}},"2":{"start":{"line":15,"column":2},"end":{"line":15,"column":20}},"3":{"start":{"line":17,"column":2},"end":{"line":23,"column":5}},"4":{"start":{"line":18,"column":4},"end":{"line":18,"column":38}},"5":{"start":{"line":20,"column":4},"end":{"line":22,"column":5}},"6":{"start":{"line":21,"column":6},"end":{"line":21,"column":45}},"7":{"start":{"line":25,"column":2},"end":{"line":25,"column":16}},"8":{"start":{"line":35,"column":0},"end":{"line":48,"column":2}},"9":{"start":{"line":36,"column":2},"end":{"line":36,"column":17}},"10":{"start":{"line":37,"column":2},"end":{"line":37,"column":16}},"11":{"start":{"line":39,"column":2},"end":{"line":39,"column":52}},"12":{"start":{"line":39,"column":40},"end":{"line":39,"column":52}},"13":{"start":{"line":41,"column":2},"end":{"line":45,"column":3}},"14":{"start":{"line":42,"column":4},"end":{"line":42,"column":17}},"15":{"start":{"line":43,"column":4},"end":{"line":43,"column":19}},"16":{"start":{"line":44,"column":4},"end":{"line":44,"column":45}},"17":{"start":{"line":47,"column":2},"end":{"line":47,"column":13}},"18":{"start":{"line":57,"column":0},"end":{"line":63,"column":2}},"19":{"start":{"line":58,"column":2},"end":{"line":58,"column":15}},"20":{"start":{"line":59,"column":2},"end":{"line":59,"column":30}},"21":{"start":{"line":60,"column":2},"end":{"line":60,"column":19}},"22":{"start":{"line":61,"column":2},"end":{"line":61,"column":60}},"23":{"start":{"line":61,"column":39},"end":{"line":61,"column":60}},"24":{"start":{"line":62,"column":2},"end":{"line":62,"column":15}},"25":{"start":{"line":77,"column":0},"end":{"line":82,"column":2}},"26":{"start":{"line":78,"column":2},"end":{"line":81,"column":4}},"27":{"start":{"line":84,"column":0},"end":{"line":89,"column":2}}},"branchMap":{"1":{"line":20,"type":"if","locations":[{"start":{"line":20,"column":4},"end":{"line":20,"column":4}},{"start":{"line":20,"column":4},"end":{"line":20,"column":4}}]},"2":{"line":44,"type":"cond-expr","locations":[{"start":{"line":44,"column":35},"end":{"line":44,"column":36}},{"start":{"line":44,"column":39},"end":{"line":44,"column":44}}]}}},"C:\\Users\\Martin\\testing\\linear-gradient\\src\\interpolate.js":{"path":"C:\\Users\\Martin\\testing\\linear-gradient\\src\\interpolate.js","s":{"1":1,"2":1,"3":6,"4":6,"5":26,"6":78,"7":1},"b":{},"f":{},"fnMap":{},"statementMap":{"1":{"start":{"line":1,"column":0},"end":{"line":1,"column":61}},"2":{"start":{"line":12,"column":0},"end":{"line":21,"column":2}},"3":{"start":{"line":13,"column":2},"end":{"line":13,"column":50}},"4":{"start":{"line":14,"column":2},"end":{"line":20,"column":5}},"5":{"start":{"line":15,"column":4},"end":{"line":19,"column":40}},"6":{"start":{"line":19,"column":20},"end":{"line":19,"column":38}},"7":{"start":{"line":23,"column":0},"end":{"line":23,"column":29}}},"branchMap":{}}}