TN:
SF:C:\Users\Martin\testing\linear-gradient\src\convert.js
FNF:0
FNH:0
DA:1,1
DA:9,1
DA:10,8
DA:16,24
DA:25,1
DA:26,13
DA:27,39
DA:28,39
DA:30,13
DA:41,1
DA:42,4
DA:43,19
DA:55,1
DA:56,2
DA:57,13
DA:61,1
LF:16
LH:16
BRDA:28,1,0,18
BRDA:28,1,1,21
BRDA:43,2,0,6
BRDA:43,2,1,13
BRDA:57,3,0,11
BRDA:57,3,1,2
BRF:6
BRH:6
end_of_record
TN:
SF:C:\Users\Martin\testing\linear-gradient\src\validate.js
FNF:0
FNH:0
DA:1,1
DA:9,1
DA:10,28
DA:19,1
DA:20,20
DA:23,54
DA:38,1
DA:39,10
DA:40,9
DA:41,17
DA:42,17
DA:44,17
DA:45,1
DA:47,16
DA:48,1
DA:51,15
DA:52,1
DA:56,6
DA:68,1
DA:69,5
DA:70,1
DA:73,4
DA:74,1
DA:77,3
DA:88,1
DA:89,5
DA:90,1
DA:95,4
DA:98,1
LF:29
LH:29
BRDA:10,1,0,28
BRDA:10,1,1,15
BRDA:21,2,0,20
BRDA:21,2,1,18
BRDA:21,2,2,18
BRDA:23,3,0,54
BRDA:23,3,1,53
BRDA:23,3,2,53
BRDA:39,4,0,1
BRDA:39,4,1,9
BRDA:44,5,0,1
BRDA:44,5,1,16
BRDA:44,6,0,17
BRDA:44,6,1,8
BRDA:47,7,0,1
BRDA:47,7,1,15
BRDA:47,8,0,16
BRDA:47,8,1,9
BRDA:51,9,0,1
BRDA:51,9,1,14
BRDA:51,10,0,15
BRDA:51,10,1,7
BRDA:69,11,0,1
BRDA:69,11,1,4
BRDA:73,12,0,1
BRDA:73,12,1,3
BRDA:89,13,0,1
BRDA:89,13,1,4
BRDA:89,14,0,5
BRDA:89,14,1,3
BRF:30
BRH:30
end_of_record
TN:
SF:C:\Users\Martin\testing\linear-gradient\src\constants.js
FNF:0
FNH:0
DA:1,1
DA:2,1
DA:4,1
LF:3
LH:3
BRF:0
BRH:0
end_of_record
TN:
SF:C:\Users\Martin\testing\linear-gradient\src\generate.js
FNF:0
FNH:0
DA:1,1
DA:7,1
DA:12,1
DA:13,1
DA:15,1
DA:33,1
DA:34,2
DA:36,2
DA:41,2
DA:42,2
DA:43,2
DA:48,2
DA:49,4
DA:50,4
DA:51,4
DA:52,4
DA:54,4
DA:55,4
DA:56,4
DA:60,2
DA:62,1
DA:63,1
DA:65,1
DA:66,1
DA:69,2
DA:72,1
LF:26
LH:26
BRDA:36,1,0,2
BRDA:36,1,1,0
BRDA:37,2,0,2
BRDA:37,2,1,2
BRDA:37,2,2,2
BRDA:56,3,0,2
BRDA:56,3,1,2
BRDA:60,4,0,1
BRDA:60,4,1,1
BRF:9
BRH:8
end_of_record
TN:
SF:C:\Users\Martin\testing\linear-gradient\src\helpers.js
FNF:0
FNH:0
DA:14,1
DA:15,3
DA:17,3
DA:18,9
DA:20,9
DA:21,6
DA:25,3
DA:35,1
DA:36,3
DA:37,3
DA:39,7
DA:41,3
DA:42,24
DA:43,24
DA:44,24
DA:47,3
DA:57,1
DA:58,7
DA:59,7
DA:60,7
DA:61,33
DA:62,7
DA:77,1
DA:78,79
DA:84,1
LF:25
LH:25
BRDA:20,1,0,6
BRDA:20,1,1,3
BRDA:44,2,0,9
BRDA:44,2,1,15
BRF:4
BRH:4
end_of_record
TN:
SF:C:\Users\Martin\testing\linear-gradient\src\interpolate.js
FNF:0
FNH:0
DA:1,1
DA:12,1
DA:13,6
DA:14,6
DA:15,26
DA:19,78
DA:23,1
LF:7
LH:7
BRF:0
BRH:0
end_of_record
